<?xml version="1.0" encoding="UTF-8"?>
<!-- Generated by org.testng.reporters.JUnitXMLReporter -->
<testsuite ignored="0" hostname="Jerins-MacBook-Pro.local" failures="3" tests="3" name="Surefire test" time="11.135" errors="0" timestamp="2024-08-17T16:02:39 EDT">
  <testcase classname="io.cucumber.testng.AbstractTestNGCucumberTests" name="runScenario" time="10.185">
    <failure type="java.lang.AssertionError" message="Product not found expected [Brocolli] but found [Tomato]">
      <![CDATA[java.lang.AssertionError: Product not found expected [Brocolli] but found [Tomato]
at stepDefinitions.OfferPageStepDefinition.user_search_fro_same_shortname_in_offers_page_to_check_the_product_exists(OfferPageStepDefinition.java:53)
at ✽.user search fro same Tom in offers page to check the product exists(file:///Users/jerinraj/eclipse-workspace/LearnCucumberFrame/src/test/java/features/SearchProducts.feature:7)
... Removed 5 stack frames]]>
    </failure>
  </testcase> <!-- runScenario -->
  <testcase classname="io.cucumber.testng.AbstractTestNGCucumberTests" name="runScenario" time="10.398">
    <failure type="org.openqa.selenium.NoSuchElementException" message="Unable to locate element: .promoBtn
For documentation on this error, please visit: https://www.selenium.dev/documentation/webdriver/troubleshooting/errors#no-such-element-exception
Build info: version: &amp;apos;4.23.1&amp;apos;, revision: &amp;apos;656257d8e9&amp;apos;
System info: os.name: &amp;apos;Mac OS X&amp;apos;, os.arch: &amp;apos;aarch64&amp;apos;, os.version: &amp;apos;14.2&amp;apos;, java.version: &amp;apos;17.0.9&amp;apos;
Driver info: org.openqa.selenium.firefox.FirefoxDriver
Command: [a7f13328-c643-4f32-bd42-b71f937089e9, findElement {value=.promoBtn, using=css selector}]
Capabilities {acceptInsecureCerts: true, browserName: firefox, browserVersion: 123.0, moz:accessibilityChecks: false, moz:buildID: 20240213221259, moz:debuggerAddress: 127.0.0.1:46855, moz:geckodriverVersion: 0.35.0, moz:headless: false, moz:platformVersion: 23.2.0, moz:processID: 73486, moz:profile: /var/folders/pl/tgnnzwmn1lz..., moz:shutdownTimeout: 60000, moz:webdriverClick: true, moz:windowless: false, pageLoadStrategy: normal, platformName: mac, proxy: Proxy(), se:cdp: ws://127.0.0.1:46855/devtoo..., se:cdpVersion: 85.0, setWindowRect: true, strictFileInteractability: false, timeouts: {implicit: 0, pageLoad: 300000, script: 30000}, unhandledPromptBehavior: dismiss and notify}
Session ID: a7f13328-c643-4f32-bd42-b71f937089e9">
      <![CDATA[org.openqa.selenium.NoSuchElementException: Unable to locate element: .promoBtn
For documentation on this error, please visit: https://www.selenium.dev/documentation/webdriver/troubleshooting/errors#no-such-element-exception
Build info: version: '4.23.1', revision: '656257d8e9'
System info: os.name: 'Mac OS X', os.arch: 'aarch64', os.version: '14.2', java.version: '17.0.9'
Driver info: org.openqa.selenium.firefox.FirefoxDriver
Command: [a7f13328-c643-4f32-bd42-b71f937089e9, findElement {value=.promoBtn, using=css selector}]
Capabilities {acceptInsecureCerts: true, browserName: firefox, browserVersion: 123.0, moz:accessibilityChecks: false, moz:buildID: 20240213221259, moz:debuggerAddress: 127.0.0.1:46855, moz:geckodriverVersion: 0.35.0, moz:headless: false, moz:platformVersion: 23.2.0, moz:processID: 73486, moz:profile: /var/folders/pl/tgnnzwmn1lz..., moz:shutdownTimeout: 60000, moz:webdriverClick: true, moz:windowless: false, pageLoadStrategy: normal, platformName: mac, proxy: Proxy(), se:cdp: ws://127.0.0.1:46855/devtoo..., se:cdpVersion: 85.0, setWindowRect: true, strictFileInteractability: false, timeouts: {implicit: 0, pageLoad: 300000, script: 30000}, unhandledPromptBehavior: dismiss and notify}
Session ID: a7f13328-c643-4f32-bd42-b71f937089e9
at org.openqa.selenium.remote.ErrorCodec.decode(ErrorCodec.java:167)
at org.openqa.selenium.remote.codec.w3c.W3CHttpResponseCodec.decode(W3CHttpResponseCodec.java:138)
at org.openqa.selenium.remote.codec.w3c.W3CHttpResponseCodec.decode(W3CHttpResponseCodec.java:50)
at org.openqa.selenium.remote.HttpCommandExecutor.execute(HttpCommandExecutor.java:190)
at org.openqa.selenium.remote.service.DriverCommandExecutor.invokeExecute(DriverCommandExecutor.java:216)
at org.openqa.selenium.remote.service.DriverCommandExecutor.execute(DriverCommandExecutor.java:174)
at org.openqa.selenium.remote.RemoteWebDriver.execute(RemoteWebDriver.java:545)
at org.openqa.selenium.remote.ElementLocation$ElementFinder$2.findElement(ElementLocation.java:165)
at org.openqa.selenium.remote.ElementLocation.findElement(ElementLocation.java:59)
at org.openqa.selenium.remote.RemoteWebDriver.findElement(RemoteWebDriver.java:368)
at org.openqa.selenium.remote.RemoteWebDriver.findElement(RemoteWebDriver.java:362)
at pageObjects.CheckoutPage.verifyPromoBtn(CheckoutPage.java:26)
at stepDefinitions.CheckoutPageStepDefinitions.verify_user_has_provision_to_apply_promocode(CheckoutPageStepDefinitions.java:46)
at ✽.verify user has provision to apply promocode(file:///Users/jerinraj/eclipse-workspace/LearnCucumberFrame/src/test/java/features/Checkout.feature:9)
... Removed 5 stack frames]]>
    </failure>
  </testcase> <!-- runScenario -->
  <testcase classname="io.cucumber.testng.AbstractTestNGCucumberTests" name="runScenario" time="10.73">
    <failure type="java.lang.AssertionError" message="Product not found expected [Brocolli] but found [No data]">
      <![CDATA[java.lang.AssertionError: Product not found expected [Brocolli] but found [No data]
at stepDefinitions.OfferPageStepDefinition.user_search_fro_same_shortname_in_offers_page_to_check_the_product_exists(OfferPageStepDefinition.java:53)
at ✽.user search fro same Beet in offers page to check the product exists(file:///Users/jerinraj/eclipse-workspace/LearnCucumberFrame/src/test/java/features/SearchProducts.feature:7)
... Removed 5 stack frames]]>
    </failure>
  </testcase> <!-- runScenario -->
</testsuite> <!-- Surefire test -->
