<?xml version="1.0" encoding="UTF-8"?>
<!-- Generated by org.testng.reporters.JUnitXMLReporter -->
<testsuite ignored="0" hostname="Jerins-MacBook-Pro.local" failures="1" tests="3" name="Default test" time="51.494" errors="0" timestamp="2024-08-20T11:48:19 EDT">
  <testcase classname="io.cucumber.testng.AbstractTestNGCucumberTests" name="runScenario" time="48.351"/>
  <testcase classname="io.cucumber.testng.AbstractTestNGCucumberTests" name="runScenario" time="49.528">
    <failure type="java.lang.AssertionError" message="Product not found expected [Beetroot] but found [No data]">
      <![CDATA[java.lang.AssertionError: Product not found expected [Beetroot] but found [No data]
at org.testng.Assert.fail(Assert.java:99)
at org.testng.Assert.failNotEquals(Assert.java:1037)
at org.testng.Assert.assertEqualsImpl(Assert.java:140)
at org.testng.Assert.assertEquals(Assert.java:122)
at org.testng.Assert.assertEquals(Assert.java:629)
at stepDefinitions.OfferPageStepDefinition.user_search_fro_same_shortname_in_offers_page_to_check_the_product_exists(OfferPageStepDefinition.java:53)
at ✽.user search fro same Beet in offers page to check the product exists(file:///Users/jerinraj/eclipse-workspace/LearnCucumberFrame/src/test/java/features/SearchProducts.feature:7)
]]>
    </failure>
  </testcase> <!-- runScenario -->
  <testcase classname="io.cucumber.testng.AbstractTestNGCucumberTests" name="runScenario" time="50.015"/>
</testsuite> <!-- Default test -->
