<?xml version="1.0" encoding="UTF-8"?>
<!-- Generated by org.testng.reporters.JUnitReportReporter -->
<testsuite hostname="Jerins-MacBook-Pro.local" failures="1" tests="3" name="cucumberOptions.TestNGRunner" time="147.894" errors="0" timestamp="2024-08-20T11:48:19 EDT" skipped="0">
  <testcase classname="cucumberOptions.TestNGRunner" name="runScenario" time="49.528">
    <failure message="Product not found expected [Beetroot] but found [No data]" type="java.lang.AssertionError">
      <![CDATA[java.lang.AssertionError: Product not found expected [Beetroot] but found [No data]
at org.testng.Assert.fail(Assert.java:99)
at org.testng.Assert.failNotEquals(Assert.java:1037)
at org.testng.Assert.assertEqualsImpl(Assert.java:140)
at org.testng.Assert.assertEquals(Assert.java:122)
at org.testng.Assert.assertEquals(Assert.java:629)
at stepDefinitions.OfferPageStepDefinition.user_search_fro_same_shortname_in_offers_page_to_check_the_product_exists(OfferPageStepDefinition.java:53)
at ✽.user search fro same Beet in offers page to check the product exists(file:///Users/jerinraj/eclipse-workspace/LearnCucumberFrame/src/test/java/features/SearchProducts.feature:7)
]]>
    </failure>
  </testcase> <!-- runScenario -->
  <system-out/>
  <testcase classname="cucumberOptions.TestNGRunner" name="runScenario" time="48.351"/>
  <system-out/>
  <testcase classname="cucumberOptions.TestNGRunner" name="runScenario" time="50.015"/>
  <system-out/>
</testsuite> <!-- cucumberOptions.TestNGRunner -->
